2025-02-28 13:46:56,331 [INFO] Activator:176 - 


2025-02-28 13:46:56,333 [INFO] Activator:177 - !SESSION log4j initialized
2025-02-28 13:46:57,879 [INFO] LogOutputStream:77 - [STDOUT_REDIRECT] 
2025-02-28 13:46:58,187 [ERROR] ConfigurationRetriever:142 - IOException on connection: sw-center.st.com
2025-02-28 13:46:58,188 [ERROR] ConfigurationRetriever:142 - IOException on connection: sw-center.st.com
2025-02-28 13:46:58,189 [ERROR] ConfigurationRetriever:142 - IOException on connection: sw-center.st.com
2025-02-28 13:46:59,850 [INFO] ApplicationProperties:184 - Using Application install path: C:\ST\STM32CubeIDE_1.15.0\STM32CubeIDE\plugins\com.st.stm32cube.common.mx_6.11.0.202403141607
2025-02-28 13:46:59,867 [INFO] DbMcusXml:78 - Set database path to: C:\ST\STM32CubeIDE_1.15.0\STM32CubeIDE\plugins\com.st.stm32cube.common.mx_6.11.0.202403141607\\db\/mcu/
2025-02-28 13:46:59,867 [INFO] ApiDb:274 - Set plugin database path to: C:\ST\STM32CubeIDE_1.15.0\STM32CubeIDE\plugins\com.st.stm32cube.common.mx_6.11.0.202403141607\\db\/plugins/boardmanager/
2025-02-28 13:46:59,868 [WARN] ApiDb:259 - Overriding images path with different value:  => C:\ST\STM32CubeIDE_1.15.0\STM32CubeIDE\plugins\com.st.stm32cube.common.mx_6.11.0.202403141607\\db\/plugins/mcufinder/images/
2025-02-28 13:46:59,874 [INFO] ApiDb:250 - Set database path to: C:\Users\leonardo565\.stmcufinder\plugins\mcufinder//mcu/
2025-02-28 13:46:59,875 [INFO] DbMcusAds:125 - Set database path to: C:\Users\leonardo565\.stmcufinder\plugins\mcufinder//mcu/
2025-02-28 13:46:59,876 [INFO] CrossReferenceDbSqlite:203 - Set database path to: C:\Users\leonardo565\.stmcufinder\plugins\mcufinder//mcu/cs/
2025-02-28 13:46:59,968 [INFO] RulesReader:64 - Compatibility file has been processed (297 Rules)
2025-02-28 13:47:00,045 [INFO] DbMcusXml:78 - Set database path to: C:\ST\STM32CubeIDE_1.15.0\STM32CubeIDE\plugins\com.st.stm32cube.common.mx_6.11.0.202403141607\\db\/mcu/
2025-02-28 13:47:00,045 [INFO] ApiDb:274 - Set plugin database path to: C:\ST\STM32CubeIDE_1.15.0\STM32CubeIDE\plugins\com.st.stm32cube.common.mx_6.11.0.202403141607\\db\/plugins/boardmanager/
2025-02-28 13:47:00,045 [INFO] ApiDb:261 - Set plugin images path to: C:\ST\STM32CubeIDE_1.15.0\STM32CubeIDE\plugins\com.st.stm32cube.common.mx_6.11.0.202403141607\\db\/plugins/mcufinder/images/
2025-02-28 13:47:00,045 [WARN] DbFile:41 - Overriding database path with different value: C:\Users\leonardo565\.stmcufinder\plugins\mcufinder/ => C:\Users\leonardo565\.stmcufinder\plugins\mcufinder
2025-02-28 13:47:00,046 [INFO] ApiDb:250 - Set database path to: C:\Users\leonardo565\.stmcufinder\plugins\mcufinder//mcu/
2025-02-28 13:47:00,046 [WARN] DbFile:41 - Overriding database path with different value: C:\Users\leonardo565\.stmcufinder\plugins\mcufinder/ => C:\Users\leonardo565\.stmcufinder\plugins\mcufinder
2025-02-28 13:47:00,046 [INFO] DbMcusAds:125 - Set database path to: C:\Users\leonardo565\.stmcufinder\plugins\mcufinder//mcu/
2025-02-28 13:47:00,046 [WARN] DbFile:41 - Overriding database path with different value: C:\Users\leonardo565\.stmcufinder\plugins\mcufinder/ => C:\Users\leonardo565\.stmcufinder\plugins\mcufinder
2025-02-28 13:47:00,046 [WARN] DbFile:41 - Overriding database path with different value: C:\Users\leonardo565\.stmcufinder\plugins\mcufinder/ => C:\Users\leonardo565\.stmcufinder\plugins\mcufinder
2025-02-28 13:47:00,046 [INFO] CrossReferenceDbSqlite:203 - Set database path to: C:\Users\leonardo565\.stmcufinder\plugins\mcufinder//mcu/cs/
2025-02-28 13:47:00,120 [INFO] MainPanel:264 - HeapMemory: 268435456
2025-02-28 13:47:00,215 [INFO] DbMcusXml:78 - Set database path to: C:\ST\STM32CubeIDE_1.15.0\STM32CubeIDE\plugins\com.st.stm32cube.common.mx_6.11.0.202403141607\\db\/mcu/
2025-02-28 13:47:00,216 [INFO] ApiDb:274 - Set plugin database path to: C:\ST\STM32CubeIDE_1.15.0\STM32CubeIDE\plugins\com.st.stm32cube.common.mx_6.11.0.202403141607\\db\/plugins/boardmanager/
2025-02-28 13:47:00,216 [INFO] ApiDb:261 - Set plugin images path to: C:\ST\STM32CubeIDE_1.15.0\STM32CubeIDE\plugins\com.st.stm32cube.common.mx_6.11.0.202403141607\\db\/plugins/mcufinder/images/
2025-02-28 13:47:00,216 [WARN] DbFile:41 - Overriding database path with different value: C:\Users\leonardo565\.stmcufinder\plugins\mcufinder/ => C:\Users\leonardo565\.stmcufinder\plugins\mcufinder
2025-02-28 13:47:00,216 [INFO] ApiDb:250 - Set database path to: C:\Users\leonardo565\.stmcufinder\plugins\mcufinder//mcu/
2025-02-28 13:47:00,216 [WARN] DbFile:41 - Overriding database path with different value: C:\Users\leonardo565\.stmcufinder\plugins\mcufinder/ => C:\Users\leonardo565\.stmcufinder\plugins\mcufinder
2025-02-28 13:47:00,217 [INFO] DbMcusAds:125 - Set database path to: C:\Users\leonardo565\.stmcufinder\plugins\mcufinder//mcu/
2025-02-28 13:47:00,217 [WARN] DbFile:41 - Overriding database path with different value: C:\Users\leonardo565\.stmcufinder\plugins\mcufinder/ => C:\Users\leonardo565\.stmcufinder\plugins\mcufinder
2025-02-28 13:47:00,217 [WARN] DbFile:41 - Overriding database path with different value: C:\Users\leonardo565\.stmcufinder\plugins\mcufinder/ => C:\Users\leonardo565\.stmcufinder\plugins\mcufinder
2025-02-28 13:47:00,217 [INFO] CrossReferenceDbSqlite:203 - Set database path to: C:\Users\leonardo565\.stmcufinder\plugins\mcufinder//mcu/cs/
2025-02-28 13:47:00,233 [INFO] ApplicationProperties:184 - Using Application install path: C:\ST\STM32CubeIDE_1.15.0\STM32CubeIDE\plugins\com.st.stm32cube.common.mx_6.11.0.202403141607
2025-02-28 13:47:00,235 [INFO] PluginManage:196 - Search for loadable plugins [exclusion list=, ]
2025-02-28 13:47:00,236 [INFO] PluginManage:310 - Check plugin analytics
2025-02-28 13:47:00,410 [INFO] AnalyticsPlugin:253 - Accepted Software Licenses: STM32CubeMX.6.11.0,STM32CubeMX.6.11.1
2025-02-28 13:47:00,410 [INFO] AnalyticsPlugin:255 - Accepted CMSIS Pack Licenses: wolfSSL.I-CUBE-wolfSSL.5.7.2
2025-02-28 13:47:00,410 [INFO] AnalyticsPlugin:257 - Accepted Firmware Licenses: FW.F4.1.28.0,FW.L5.1.5.0,FW.H7.1.11.0
2025-02-28 13:47:00,414 [INFO] PluginManage:359 - Loaded plugin analytics (category:tool,tabindex:-1)
2025-02-28 13:47:00,414 [INFO] PluginManage:310 - Check plugin cadmodel
2025-02-28 13:47:00,414 [ERROR] ConfigurationRetriever:142 - IOException on connection: sw-center.st.com
2025-02-28 13:47:00,415 [ERROR] ConfigurationRetriever:142 - IOException on connection: sw-center.st.com
2025-02-28 13:47:00,416 [ERROR] ConfigurationRetriever:142 - IOException on connection: sw-center.st.com
2025-02-28 13:47:00,422 [INFO] CADModel:105 - Init CAD model plugin
2025-02-28 13:47:00,423 [INFO] PluginManage:359 - Loaded plugin cadmodel (category:power,tabindex:5)
2025-02-28 13:47:00,423 [INFO] PluginManage:310 - Check plugin clock
2025-02-28 13:47:00,436 [INFO] PluginManage:359 - Loaded plugin clock (category:base,tabindex:2)
2025-02-28 13:47:00,436 [INFO] PluginManage:310 - Check plugin ddr
2025-02-28 13:47:00,439 [INFO] PluginManage:359 - Loaded plugin ddr (category:tool,tabindex:6)
2025-02-28 13:47:00,440 [INFO] PluginManage:310 - Check plugin filemanager
2025-02-28 13:47:00,574 [INFO] PluginManage:359 - Loaded plugin filemanager (category:base,tabindex:10)
2025-02-28 13:47:00,575 [INFO] PluginManage:310 - Check plugin ipmanager
2025-02-28 13:47:00,582 [INFO] PluginManage:359 - Loaded plugin ipmanager (category:base,tabindex:5)
2025-02-28 13:47:00,582 [INFO] PluginManage:310 - Check plugin lpbam
2025-02-28 13:47:00,591 [INFO] PluginManage:359 - Loaded plugin lpbam (category:base,tabindex:0)
2025-02-28 13:47:00,591 [INFO] PluginManage:310 - Check plugin memorymap
2025-02-28 13:47:00,603 [INFO] PluginManage:359 - Loaded plugin memorymap (category:base,tabindex:4)
2025-02-28 13:47:00,603 [INFO] PluginManage:310 - Check plugin pinoutandconfiguration
2025-02-28 13:47:00,610 [INFO] PluginManage:359 - Loaded plugin pinoutandconfiguration (category:base,tabindex:1)
2025-02-28 13:47:00,610 [INFO] PluginManage:310 - Check plugin pinoutconfig
2025-02-28 13:47:00,690 [WARN] SupportedApi:132 - Cannot load RTOS API schema: s4s-elt-must-match.1: The content of 'definitions' must match (annotation?, (simpleType | complexType)?, (unique | key | keyref)*)). A problem was found starting at: attribute.
2025-02-28 13:47:00,863 [INFO] PluginManage:359 - Loaded plugin pinoutconfig (category:base,tabindex:0)
2025-02-28 13:47:00,863 [INFO] PluginManage:310 - Check plugin power
2025-02-28 13:47:00,874 [INFO] PluginManage:359 - Loaded plugin power (category:power,tabindex:4)
2025-02-28 13:47:00,874 [INFO] PluginManage:310 - Check plugin projectmanager
2025-02-28 13:47:00,892 [INFO] PluginManage:359 - Loaded plugin projectmanager (category:projectmanager,tabindex:3)
2025-02-28 13:47:00,892 [INFO] PluginManage:310 - Check plugin thirdparty
2025-02-28 13:47:01,030 [INFO] PluginManage:359 - Loaded plugin thirdparty (category:base,tabindex:-1)
2025-02-28 13:47:01,030 [WARN] IntegrityCheckThread:84 - waiting for thirdparty lock release [integrity check]
2025-02-28 13:47:01,031 [INFO] PluginManage:310 - Check plugin tools
2025-02-28 13:47:01,031 [INFO] IntegrityCheckThread:86 - entering critical section [integrity check]
2025-02-28 13:47:01,031 [INFO] ThirdPartyUpdaterWithRetryManager:70 - Updater plugin not ready yet. [1/15]
2025-02-28 13:47:01,033 [INFO] PluginManage:359 - Loaded plugin tools (category:base,tabindex:7)
2025-02-28 13:47:01,034 [INFO] PluginManage:310 - Check plugin tutovideos
2025-02-28 13:47:01,187 [INFO] PluginManage:359 - Loaded plugin tutovideos (category:base,tabindex:-1)
2025-02-28 13:47:01,188 [INFO] PluginManage:310 - Check plugin updater
2025-02-28 13:47:01,198 [INFO] PluginManage:359 - Loaded plugin updater (category:base,tabindex:12)
2025-02-28 13:47:01,199 [INFO] PluginManage:310 - Check plugin userauth
2025-02-28 13:47:01,204 [INFO] UserAuth:114 - Init User Auth plugin
2025-02-28 13:47:01,204 [INFO] PluginManage:359 - Loaded plugin userauth (category:base,tabindex:14)
2025-02-28 13:47:01,204 [INFO] PluginManage:283 - PluginManage : Loaded plugins [17]
2025-02-28 13:47:01,397 [INFO] PinOutPanel:1561 - setPackage(No Configuration,No Configuration)
2025-02-28 13:47:01,462 [INFO] CADModel:165 - CPN selected for project level
2025-02-28 13:47:01,462 [INFO] CADModel:114 - Register for checkConnection events
2025-02-28 13:47:01,478 [INFO] IPUIPlugin:80 - create IPUIPlugin
2025-02-28 13:47:01,478 [INFO] PluginManager:220 - loadIPPluginJar : add adc
2025-02-28 13:47:01,480 [INFO] IPUIPlugin:80 - create IPUIPlugin
2025-02-28 13:47:01,480 [INFO] PluginManager:220 - loadIPPluginJar : add aes
2025-02-28 13:47:01,483 [INFO] IPUIPlugin:80 - create IPUIPlugin
2025-02-28 13:47:01,483 [INFO] PluginManager:220 - loadIPPluginJar : add can
2025-02-28 13:47:01,484 [INFO] IPUIPlugin:80 - create IPUIPlugin
2025-02-28 13:47:01,484 [INFO] PluginManager:220 - loadIPPluginJar : add comp
2025-02-28 13:47:01,486 [INFO] IPUIPlugin:80 - create IPUIPlugin
2025-02-28 13:47:01,486 [INFO] PluginManager:220 - loadIPPluginJar : add cryp
2025-02-28 13:47:01,488 [INFO] IPUIPlugin:80 - create IPUIPlugin
2025-02-28 13:47:01,488 [INFO] PluginManager:220 - loadIPPluginJar : add dfsdm
2025-02-28 13:47:01,492 [INFO] IPUIPlugin:80 - create IPUIPlugin
2025-02-28 13:47:01,493 [INFO] PluginManager:220 - loadIPPluginJar : add dma
2025-02-28 13:47:01,495 [INFO] IPUIPlugin:80 - create IPUIPlugin
2025-02-28 13:47:01,495 [INFO] PluginManager:220 - loadIPPluginJar : add dma3
2025-02-28 13:47:01,497 [INFO] IPUIPlugin:80 - create IPUIPlugin
2025-02-28 13:47:01,497 [INFO] PluginManager:220 - loadIPPluginJar : add extmemmanager
2025-02-28 13:47:01,499 [INFO] IPUIPlugin:80 - create IPUIPlugin
2025-02-28 13:47:01,499 [INFO] PluginManager:220 - loadIPPluginJar : add fatfs
2025-02-28 13:47:01,502 [INFO] IPUIPlugin:80 - create IPUIPlugin
2025-02-28 13:47:01,502 [INFO] PluginManager:220 - loadIPPluginJar : add fmc
2025-02-28 13:47:01,508 [INFO] IPUIPlugin:80 - create IPUIPlugin
2025-02-28 13:47:01,509 [INFO] PluginManager:220 - loadIPPluginJar : add freertos
2025-02-28 13:47:01,510 [INFO] IPUIPlugin:80 - create IPUIPlugin
2025-02-28 13:47:01,510 [INFO] PluginManager:220 - loadIPPluginJar : add genericplugin
2025-02-28 13:47:01,512 [INFO] IPUIPlugin:80 - create IPUIPlugin
2025-02-28 13:47:01,512 [INFO] PluginManager:220 - loadIPPluginJar : add gfxmmu
2025-02-28 13:47:01,516 [INFO] IPUIPlugin:80 - create IPUIPlugin
2025-02-28 13:47:01,516 [INFO] PluginManager:220 - loadIPPluginJar : add gic
2025-02-28 13:47:01,520 [INFO] IPUIPlugin:80 - create IPUIPlugin
2025-02-28 13:47:01,520 [INFO] PluginManager:220 - loadIPPluginJar : add gpio
2025-02-28 13:47:01,523 [INFO] IPUIPlugin:80 - create IPUIPlugin
2025-02-28 13:47:01,523 [INFO] PluginManager:220 - loadIPPluginJar : add gtzc
2025-02-28 13:47:01,525 [INFO] IPUIPlugin:80 - create IPUIPlugin
2025-02-28 13:47:01,525 [INFO] PluginManager:220 - loadIPPluginJar : add hash
2025-02-28 13:47:01,528 [INFO] IPUIPlugin:80 - create IPUIPlugin
2025-02-28 13:47:01,528 [INFO] PluginManager:220 - loadIPPluginJar : add i2c
2025-02-28 13:47:01,530 [INFO] IPUIPlugin:80 - create IPUIPlugin
2025-02-28 13:47:01,530 [INFO] PluginManager:220 - loadIPPluginJar : add i2s
2025-02-28 13:47:01,532 [INFO] IPUIPlugin:80 - create IPUIPlugin
2025-02-28 13:47:01,532 [INFO] PluginManager:220 - loadIPPluginJar : add i3c
2025-02-28 13:47:01,535 [INFO] IPUIPlugin:80 - create IPUIPlugin
2025-02-28 13:47:01,535 [INFO] PluginManager:220 - loadIPPluginJar : add ipddr
2025-02-28 13:47:01,540 [INFO] IPUIPlugin:80 - create IPUIPlugin
2025-02-28 13:47:01,541 [INFO] PluginManager:220 - loadIPPluginJar : add linkedlist
2025-02-28 13:47:01,543 [INFO] IPUIPlugin:80 - create IPUIPlugin
2025-02-28 13:47:01,543 [INFO] PluginManager:220 - loadIPPluginJar : add lorawan
2025-02-28 13:47:01,544 [INFO] IPUIPlugin:80 - create IPUIPlugin
2025-02-28 13:47:01,544 [INFO] PluginManager:220 - loadIPPluginJar : add ltdc
2025-02-28 13:47:01,549 [INFO] IPUIPlugin:80 - create IPUIPlugin
2025-02-28 13:47:01,549 [INFO] PluginManager:220 - loadIPPluginJar : add mdma
2025-02-28 13:47:01,552 [INFO] IPUIPlugin:80 - create IPUIPlugin
2025-02-28 13:47:01,552 [INFO] PluginManager:220 - loadIPPluginJar : add nvic
2025-02-28 13:47:01,554 [INFO] IPUIPlugin:80 - create IPUIPlugin
2025-02-28 13:47:01,554 [INFO] PluginManager:220 - loadIPPluginJar : add opamp
2025-02-28 13:47:01,558 [INFO] IPUIPlugin:80 - create IPUIPlugin
2025-02-28 13:47:01,558 [INFO] PluginManager:220 - loadIPPluginJar : add openamp
2025-02-28 13:47:01,561 [INFO] IPUIPlugin:80 - create IPUIPlugin
2025-02-28 13:47:01,561 [INFO] PluginManager:220 - loadIPPluginJar : add pdm2pcm
2025-02-28 13:47:01,565 [INFO] IPUIPlugin:80 - create IPUIPlugin
2025-02-28 13:47:01,567 [INFO] PluginManager:220 - loadIPPluginJar : add plateformsettings
2025-02-28 13:47:01,569 [INFO] IPUIPlugin:80 - create IPUIPlugin
2025-02-28 13:47:01,569 [INFO] PluginManager:220 - loadIPPluginJar : add quadspi
2025-02-28 13:47:01,572 [INFO] IPUIPlugin:80 - create IPUIPlugin
2025-02-28 13:47:01,572 [INFO] PluginManager:220 - loadIPPluginJar : add resmgrutility
2025-02-28 13:47:01,575 [INFO] IPUIPlugin:80 - create IPUIPlugin
2025-02-28 13:47:01,575 [INFO] PluginManager:220 - loadIPPluginJar : add sai
2025-02-28 13:47:01,577 [INFO] IPUIPlugin:80 - create IPUIPlugin
2025-02-28 13:47:01,577 [INFO] PluginManager:220 - loadIPPluginJar : add spi
2025-02-28 13:47:01,581 [INFO] IPUIPlugin:80 - create IPUIPlugin
2025-02-28 13:47:01,581 [INFO] PluginManager:220 - loadIPPluginJar : add stm32_wpan
2025-02-28 13:47:01,583 [INFO] IPUIPlugin:80 - create IPUIPlugin
2025-02-28 13:47:01,583 [INFO] PluginManager:220 - loadIPPluginJar : add tim
2025-02-28 13:47:01,586 [INFO] IPUIPlugin:80 - create IPUIPlugin
2025-02-28 13:47:01,586 [INFO] PluginManager:220 - loadIPPluginJar : add touchsensing
2025-02-28 13:47:01,588 [INFO] IPUIPlugin:80 - create IPUIPlugin
2025-02-28 13:47:01,588 [INFO] PluginManager:220 - loadIPPluginJar : add tracer_emb
2025-02-28 13:47:01,589 [INFO] IPUIPlugin:80 - create IPUIPlugin
2025-02-28 13:47:01,589 [INFO] PluginManager:220 - loadIPPluginJar : add ts
2025-02-28 13:47:01,590 [INFO] IPUIPlugin:80 - create IPUIPlugin
2025-02-28 13:47:01,590 [INFO] PluginManager:220 - loadIPPluginJar : add tsc
2025-02-28 13:47:01,592 [INFO] IPUIPlugin:80 - create IPUIPlugin
2025-02-28 13:47:01,592 [INFO] PluginManager:220 - loadIPPluginJar : add ucpd
2025-02-28 13:47:01,595 [INFO] IPUIPlugin:80 - create IPUIPlugin
2025-02-28 13:47:01,595 [INFO] PluginManager:220 - loadIPPluginJar : add usart
2025-02-28 13:47:01,598 [INFO] IPUIPlugin:80 - create IPUIPlugin
2025-02-28 13:47:01,598 [INFO] PluginManager:220 - loadIPPluginJar : add usbx
2025-02-28 13:47:01,720 [INFO] CADModel:165 - CPN selected for project level
2025-02-28 13:47:01,720 [INFO] CADModel:114 - Register for checkConnection events
2025-02-28 13:47:01,720 [FATAL] Updater:308 - Updater called before beeing initialized
2025-02-28 13:47:01,721 [ERROR] CADModel:125 - Updater not yet initialized, retry later 
2025-02-28 13:47:01,843 [INFO] CADModel:165 - CPN selected for project level
2025-02-28 13:47:01,843 [INFO] CADModel:114 - Register for checkConnection events
2025-02-28 13:47:01,843 [FATAL] Updater:308 - Updater called before beeing initialized
2025-02-28 13:47:01,843 [ERROR] CADModel:125 - Updater not yet initialized, retry later 
2025-02-28 13:47:01,846 [FATAL] Updater:308 - Updater called before beeing initialized
2025-02-28 13:47:01,958 [FATAL] Updater:308 - Updater called before beeing initialized
2025-02-28 13:47:01,962 [INFO] DbMcusAds:53 - JSON generation date=Tue Dec 17 13:01:15 BRT 2024 (1734451275189)
2025-02-28 13:47:01,962 [FATAL] Updater:308 - Updater called before beeing initialized
2025-02-28 13:47:01,997 [WARN] DetailPanel:346 - Failed to get advertising image, set to default
2025-02-28 13:47:02,066 [FATAL] Updater:308 - Updater called before beeing initialized
2025-02-28 13:47:02,068 [FATAL] Updater:308 - Updater called before beeing initialized
2025-02-28 13:47:02,068 [FATAL] Updater:308 - Updater called before beeing initialized
2025-02-28 13:47:02,068 [WARN] DetailPanel:346 - Failed to get advertising image, set to default
2025-02-28 13:47:02,068 [FATAL] Updater:308 - Updater called before beeing initialized
2025-02-28 13:47:02,104 [ERROR] Updater:1120 - MainUpdater not yet initialized. External WinMGr cannot be set.
2025-02-28 13:47:02,105 [INFO] Updater:1056 - Updater Version found : 6.11.0
2025-02-28 13:47:02,124 [INFO] ApplicationProperties:184 - Using Application install path: C:\ST\STM32CubeIDE_1.15.0\STM32CubeIDE\plugins\com.st.stm32cube.common.mx_6.11.0.202403141607
2025-02-28 13:47:02,359 [INFO] MainUpdater:2873 - connection check result : 22
2025-02-28 13:47:02,359 [INFO] MainUpdater:290 - Updater Check For Update Now.
2025-02-28 13:47:02,360 [INFO] MicroXplorer:498 - Change Database Version : DB.6.0.110
2025-02-28 13:47:02,366 [INFO] McuFinderGlobals:63 - Set McuFinder mode to 2 (CubeIDE integrated)
2025-02-28 13:47:02,366 [INFO] UserAuth:179 - activating auth plugin
2025-02-28 13:47:02,370 [INFO] UserAuth:415 - Internet connection configuration mode: 2
2025-02-28 13:47:02,389 [INFO] UserAuth:415 - Internet connection configuration mode: 2
2025-02-28 13:47:02,588 [INFO] CheckServerUpdateThread:120 - End of CheckServer Thread
2025-02-28 13:47:04,263 [WARN] PackLoader:240 - Cannot read IP mode file for STMicroelectronics.FP-ATR-ASTRA1.2.0.2
2025-02-28 13:47:04,268 [WARN] PackLoader:240 - Cannot read IP mode file for STMicroelectronics.FP-ATR-ASTRA1.2.0.1
2025-02-28 13:47:04,278 [WARN] PackLoader:240 - Cannot read IP mode file for STMicroelectronics.X-CUBE-SMBUS.2.1.0
2025-02-28 13:47:04,289 [WARN] PackLoader:240 - Cannot read IP mode file for STMicroelectronics.X-CUBE-WB05N.1.1.0
2025-02-28 13:47:04,296 [WARN] PackLoader:240 - Cannot read IP mode file for STMicroelectronics.X-CUBE-TOUCHGFX.4.23.2
2025-02-28 13:47:04,327 [WARN] PackLoader:240 - Cannot read IP mode file for STMicroelectronics.X-CUBE-AZRTOS-F7.1.1.0
2025-02-28 13:47:04,404 [WARN] PackLoader:240 - Cannot read IP mode file for STMicroelectronics.X-CUBE-MEMS1.11.0.0
2025-02-28 13:47:04,556 [WARN] PackLoader:240 - Cannot read IP mode file for STMicroelectronics.FP-SNS-FLIGHT1.5.0.2
2025-02-28 13:47:04,566 [WARN] PackLoader:240 - Cannot read IP mode file for STMicroelectronics.X-CUBE-DISPLAY.3.0.0
2025-02-28 13:47:04,593 [WARN] PackLoader:240 - Cannot read IP mode file for STMicroelectronics.X-CUBE-BLE1.7.0.0
2025-02-28 13:47:04,602 [WARN] PackLoader:240 - Cannot read IP mode file for STMicroelectronics.X-CUBE-NFC10.1.0.0
2025-02-28 13:47:04,620 [WARN] PackLoader:240 - Cannot read IP mode file for STMicroelectronics.X-CUBE-BLEMGR.4.0.0
2025-02-28 13:47:04,644 [WARN] PackLoader:240 - Cannot read IP mode file for emotas.I-CUBE-CANOPEN.1.3.0
2025-02-28 13:47:04,655 [WARN] PackLoader:240 - Cannot read IP mode file for STMicroelectronics.X-CUBE-BLEMGR.3.1.0
2025-02-28 13:47:04,662 [WARN] PackLoader:240 - Cannot read IP mode file for STMicroelectronics.X-CUBE-AI.10.0.0
2025-02-28 13:47:04,668 [WARN] PackLoader:240 - Cannot read IP mode file for STMicroelectronics.FP-SNS-SMARTAG2.1.2.0
2025-02-28 13:47:04,731 [WARN] PackLoader:240 - Cannot read IP mode file for STMicroelectronics.X-CUBE-MEMS1.11.1.0
2025-02-28 13:47:04,847 [INFO] LogOutputStream:77 - [STDOUT_REDIRECT] 1 : Invalid condition id : UX_CORESTACK_Condition cause : null
2025-02-28 13:47:04,847 [INFO] LogOutputStream:77 - [STDOUT_REDIRECT] 1 : Invalid condition id : UX_CORESTACK_Condition cause : null
2025-02-28 13:47:04,848 [INFO] LogOutputStream:77 - [STDOUT_REDIRECT] 1 : Invalid condition id : UX_CORESTACK_Condition cause : null
2025-02-28 13:47:04,849 [INFO] LogOutputStream:77 - [STDOUT_REDIRECT] 1 : Invalid condition id : UX_CORESTACK_Condition cause : null
2025-02-28 13:47:04,850 [INFO] LogOutputStream:77 - [STDOUT_REDIRECT] 1 : Invalid condition id : UX_CORESTACK_Condition cause : null
2025-02-28 13:47:04,854 [WARN] PackLoader:240 - Cannot read IP mode file for STMicroelectronics.X-CUBE-AZRTOS-WL.2.0.0
2025-02-28 13:47:04,859 [WARN] PackLoader:240 - Cannot read IP mode file for wolfSSL.I-CUBE-wolfMQTT.1.19.0
2025-02-28 13:47:04,867 [WARN] PackLoader:240 - Cannot read IP mode file for WES.I-CUBE-Cesium.1.3.0
2025-02-28 13:47:04,872 [WARN] PackLoader:240 - Cannot read IP mode file for STMicroelectronics.X-CUBE-BLE2.3.3.0
2025-02-28 13:47:04,879 [WARN] PackLoader:240 - Cannot read IP mode file for STMicroelectronics.X-CUBE-NFC9.1.0.0
2025-02-28 13:47:04,887 [WARN] PackLoader:240 - Cannot read IP mode file for STMicroelectronics.X-CUBE-TCPP.4.1.0
2025-02-28 13:47:04,904 [WARN] PackLoader:240 - Cannot read IP mode file for STMicroelectronics.X-CUBE-AZRTOS-G0.1.1.0
2025-02-28 13:47:04,912 [WARN] PackLoader:240 - Cannot read IP mode file for STMicroelectronics.X-CUBE-NFC4.3.0.0
2025-02-28 13:47:04,917 [WARN] PackLoader:240 - Cannot read IP mode file for wolfSSL.I-CUBE-wolfMQTT.1.18.0
2025-02-28 13:47:04,927 [WARN] PackLoader:240 - Cannot read IP mode file for EmbeddedOffice.I-CUBE-FS-RTOS.1.0.1
2025-02-28 13:47:04,928 [ERROR] ConditionMgr:805 - Attr not supported : Dmpu
2025-02-28 13:47:04,928 [ERROR] ConditionMgr:805 - Attr not supported : Dmpu
2025-02-28 13:47:04,928 [ERROR] ConditionMgr:805 - Attr not supported : Dmpu
2025-02-28 13:47:04,928 [ERROR] ConditionMgr:805 - Attr not supported : Dmpu
2025-02-28 13:47:04,928 [ERROR] ConditionMgr:805 - Attr not supported : Dmpu
2025-02-28 13:47:04,928 [ERROR] ConditionMgr:805 - Attr not supported : Dmpu
2025-02-28 13:47:04,929 [ERROR] ConditionMgr:805 - Attr not supported : Dmpu
2025-02-28 13:47:04,929 [ERROR] ConditionMgr:805 - Attr not supported : Dmpu
2025-02-28 13:47:04,929 [ERROR] ConditionMgr:805 - Attr not supported : Dmpu
2025-02-28 13:47:04,929 [ERROR] ConditionMgr:805 - Attr not supported : Dmpu
2025-02-28 13:47:04,929 [ERROR] ConditionMgr:805 - Attr not supported : Dmpu
2025-02-28 13:47:04,929 [ERROR] ConditionMgr:805 - Attr not supported : Dmpu
2025-02-28 13:47:04,929 [ERROR] ConditionMgr:805 - Attr not supported : Dmpu
2025-02-28 13:47:04,929 [ERROR] ConditionMgr:805 - Attr not supported : Dmpu
2025-02-28 13:47:04,929 [ERROR] ConditionMgr:805 - Attr not supported : Dmpu
2025-02-28 13:47:04,929 [ERROR] ConditionMgr:805 - Attr not supported : Dmpu
2025-02-28 13:47:04,929 [ERROR] ConditionMgr:805 - Attr not supported : Dmpu
2025-02-28 13:47:04,929 [ERROR] ConditionMgr:805 - Attr not supported : Dmpu
2025-02-28 13:47:04,929 [ERROR] ConditionMgr:805 - Attr not supported : Dmpu
2025-02-28 13:47:04,929 [ERROR] ConditionMgr:805 - Attr not supported : Dmpu
2025-02-28 13:47:04,929 [ERROR] ConditionMgr:805 - Attr not supported : Dmpu
2025-02-28 13:47:04,930 [ERROR] ConditionMgr:805 - Attr not supported : Dmpu
2025-02-28 13:47:04,930 [ERROR] ConditionMgr:805 - Attr not supported : Dmpu
2025-02-28 13:47:04,930 [ERROR] ConditionMgr:805 - Attr not supported : Dmpu
2025-02-28 13:47:04,930 [ERROR] ConditionMgr:805 - Attr not supported : Dmpu
2025-02-28 13:47:04,930 [ERROR] ConditionMgr:805 - Attr not supported : Dmpu
2025-02-28 13:47:04,930 [ERROR] ConditionMgr:805 - Attr not supported : Dmpu
2025-02-28 13:47:04,930 [ERROR] ConditionMgr:805 - Attr not supported : Dmpu
2025-02-28 13:47:04,930 [ERROR] ConditionMgr:805 - Attr not supported : Dmpu
2025-02-28 13:47:04,930 [ERROR] ConditionMgr:805 - Attr not supported : Dmpu
2025-02-28 13:47:04,930 [ERROR] ConditionMgr:805 - Attr not supported : Dmpu
2025-02-28 13:47:04,930 [ERROR] ConditionMgr:805 - Attr not supported : Dmpu
2025-02-28 13:47:04,930 [ERROR] ConditionMgr:805 - Attr not supported : Dmpu
2025-02-28 13:47:04,930 [ERROR] ConditionMgr:805 - Attr not supported : Dmpu
2025-02-28 13:47:04,930 [ERROR] ConditionMgr:805 - Attr not supported : Dmpu
2025-02-28 13:47:04,931 [ERROR] ConditionMgr:805 - Attr not supported : Dmpu
2025-02-28 13:47:04,931 [ERROR] ConditionMgr:805 - Attr not supported : Dmpu
2025-02-28 13:47:04,931 [ERROR] ConditionMgr:805 - Attr not supported : Dmpu
2025-02-28 13:47:04,931 [ERROR] ConditionMgr:805 - Attr not supported : Dmpu
2025-02-28 13:47:04,931 [ERROR] ConditionMgr:805 - Attr not supported : Dmpu
2025-02-28 13:47:04,931 [ERROR] ConditionMgr:805 - Attr not supported : Dmpu
2025-02-28 13:47:04,931 [ERROR] ConditionMgr:805 - Attr not supported : Dmpu
2025-02-28 13:47:04,931 [ERROR] ConditionMgr:805 - Attr not supported : Dmpu
2025-02-28 13:47:04,931 [ERROR] ConditionMgr:805 - Attr not supported : Dmpu
2025-02-28 13:47:04,931 [ERROR] ConditionMgr:805 - Attr not supported : Dmpu
2025-02-28 13:47:04,931 [ERROR] ConditionMgr:805 - Attr not supported : Dmpu
2025-02-28 13:47:04,931 [ERROR] ConditionMgr:805 - Attr not supported : Dmpu
2025-02-28 13:47:04,932 [ERROR] ConditionMgr:805 - Attr not supported : Dmpu
2025-02-28 13:47:04,932 [ERROR] ConditionMgr:805 - Attr not supported : Dmpu
2025-02-28 13:47:04,932 [ERROR] ConditionMgr:805 - Attr not supported : Dmpu
2025-02-28 13:47:04,932 [ERROR] ConditionMgr:805 - Attr not supported : Dmpu
2025-02-28 13:47:04,932 [ERROR] ConditionMgr:805 - Attr not supported : Dmpu
2025-02-28 13:47:04,932 [ERROR] ConditionMgr:805 - Attr not supported : Dmpu
2025-02-28 13:47:04,932 [ERROR] ConditionMgr:805 - Attr not supported : Dmpu
2025-02-28 13:47:04,932 [ERROR] ConditionMgr:805 - Attr not supported : Dmpu
2025-02-28 13:47:04,932 [ERROR] ConditionMgr:805 - Attr not supported : Dmpu
2025-02-28 13:47:04,932 [ERROR] ConditionMgr:805 - Attr not supported : Dmpu
2025-02-28 13:47:04,932 [ERROR] ConditionMgr:805 - Attr not supported : Dmpu
2025-02-28 13:47:04,932 [ERROR] ConditionMgr:805 - Attr not supported : Dmpu
2025-02-28 13:47:04,932 [ERROR] ConditionMgr:805 - Attr not supported : Dmpu
2025-02-28 13:47:04,932 [ERROR] ConditionMgr:805 - Attr not supported : Dmpu
2025-02-28 13:47:04,933 [ERROR] ConditionMgr:805 - Attr not supported : Dmpu
2025-02-28 13:47:04,933 [ERROR] ConditionMgr:805 - Attr not supported : Dmpu
2025-02-28 13:47:04,933 [ERROR] ConditionMgr:805 - Attr not supported : Dmpu
2025-02-28 13:47:04,936 [ERROR] Engine:466 - C:\Users\leonardo565\.stm32cubemx\thirdparties\pdsc\STMicroelectronics.X-CUBE-TCPP.4.2.0.pdsc: PDSC version is not supported
2025-02-28 13:47:04,942 [WARN] PackLoader:240 - Cannot read IP mode file for RealThread.X-CUBE-RT-Thread_Nano.4.1.1
2025-02-28 13:47:04,947 [WARN] PackLoader:240 - Cannot read IP mode file for wolfSSL.I-CUBE-wolfSSL.5.7.0
2025-02-28 13:47:04,952 [WARN] PackLoader:240 - Cannot read IP mode file for STMicroelectronics.FP-ATR-SIGFOX1.3.2.0
2025-02-28 13:47:04,959 [WARN] PackLoader:240 - Cannot read IP mode file for wolfSSL.I-CUBE-wolfSSL.5.7.2
2025-02-28 13:47:05,035 [WARN] ConditionMgr:438 - getConditionDescription Invalid condition id : Cortex-A Device cause : null
2025-02-28 13:47:05,042 [WARN] ConditionMgr:1039 - genDependencies : Invalid condition id : Cortex-A Device cause : null
2025-02-28 13:47:05,043 [WARN] ConditionMgr:1039 - genDependencies : Invalid condition id : Cortex-A Device cause : null
2025-02-28 13:47:05,043 [WARN] ConditionMgr:1039 - genDependencies : Invalid condition id : Cortex-A Device cause : null
2025-02-28 13:47:05,050 [WARN] PackLoader:240 - Cannot read IP mode file for STMicroelectronics.X-CUBE-EEPRMA1.5.1.0
2025-02-28 13:47:05,062 [WARN] PackLoader:240 - Cannot read IP mode file for ITTIA_DB.I-CUBE-ITTIADB.8.9.0
2025-02-28 13:47:05,096 [WARN] PackLoader:240 - Cannot read IP mode file for SEGGER.I-CUBE-embOS.1.3.1
2025-02-28 13:47:05,129 [WARN] PackLoader:240 - Cannot read IP mode file for STMicroelectronics.X-CUBE-ALGOBUILD.1.4.0
2025-02-28 13:47:05,133 [WARN] PackLoader:240 - Cannot read IP mode file for STMicroelectronics.X-CUBE-AI.9.1.0
2025-02-28 13:47:05,138 [WARN] PackLoader:240 - Cannot read IP mode file for STMicroelectronics.X-CUBE-GNSS1.6.0.0
2025-02-28 13:47:05,156 [WARN] PackLoader:240 - Cannot read IP mode file for STMicroelectronics.X-CUBE-AZRTOS-F4.1.1.0
2025-02-28 13:47:05,162 [WARN] PackLoader:240 - Cannot read IP mode file for STMicroelectronics.X-CUBE-ISPU.2.1.0
2025-02-28 13:47:05,168 [WARN] PackLoader:240 - Cannot read IP mode file for STMicroelectronics.X-CUBE-FREERTOS.1.2.0
2025-02-28 13:47:05,182 [WARN] PackLoader:240 - Cannot read IP mode file for STMicroelectronics.X-CUBE-AZRTOS-L5.2.0.0
2025-02-28 13:47:05,188 [WARN] PackLoader:240 - Cannot read IP mode file for STMicroelectronics.X-CUBE-AI.9.0.0
2025-02-28 13:47:05,193 [WARN] PackLoader:240 - Cannot read IP mode file for STMicroelectronics.X-CUBE-FREERTOS.1.3.0
2025-02-28 13:47:05,199 [WARN] PackLoader:240 - Cannot read IP mode file for STMicroelectronics.X-CUBE-NFC7.1.0.1
2025-02-28 13:47:05,205 [WARN] PackLoader:240 - Cannot read IP mode file for wolfSSL.I-CUBE-wolfTPM.3.2.0
2025-02-28 13:47:05,219 [WARN] ConditionMgr:438 - getConditionDescription Invalid condition id : LAN8742 Phy interface Condition cause : null
2025-02-28 13:47:05,219 [WARN] PackLoader:240 - Cannot read IP mode file for STMicroelectronics.X-CUBE-AZRTOS-L4.2.0.0
2025-02-28 13:47:05,221 [WARN] ConditionMgr:1039 - genDependencies : Invalid condition id : LAN8742 Phy interface Condition cause : null
2025-02-28 13:47:05,221 [WARN] ConditionMgr:1039 - genDependencies : Invalid condition id : LAN8742 Phy interface Condition cause : null
2025-02-28 13:47:05,221 [WARN] ConditionMgr:1039 - genDependencies : Invalid condition id : LAN8742 Phy interface Condition cause : null
2025-02-28 13:47:05,228 [WARN] PackLoader:240 - Cannot read IP mode file for STMicroelectronics.X-CUBE-SFXS2LP1.4.0.0
2025-02-28 13:47:05,249 [WARN] PackLoader:240 - Cannot read IP mode file for STMicroelectronics.X-CUBE-AZRTOS-H7.3.3.0
2025-02-28 13:47:05,260 [WARN] PackLoader:240 - Cannot read IP mode file for STMicroelectronics.X-CUBE-IPS.3.0.0
2025-02-28 13:47:05,274 [WARN] ConditionMgr:438 - getConditionDescription Invalid condition id : UX DEVICE CLASS RTOS Condition cause : null
2025-02-28 13:47:05,274 [WARN] ConditionMgr:438 - getConditionDescription Invalid condition id : UX DEVICE CLASS RTOS Condition cause : null
2025-02-28 13:47:05,276 [WARN] PackLoader:240 - Cannot read IP mode file for STMicroelectronics.X-CUBE-AZRTOS-WB.2.0.0
2025-02-28 13:47:05,277 [WARN] ConditionMgr:1039 - genDependencies : Invalid condition id : UX DEVICE CLASS RTOS Condition cause : null
2025-02-28 13:47:05,277 [WARN] ConditionMgr:1039 - genDependencies : Invalid condition id : UX DEVICE CLASS RTOS Condition cause : null
2025-02-28 13:47:05,277 [WARN] ConditionMgr:1039 - genDependencies : Invalid condition id : UX DEVICE CLASS RTOS Condition cause : null
2025-02-28 13:47:05,278 [WARN] ConditionMgr:1039 - genDependencies : Invalid condition id : UX DEVICE CLASS RTOS Condition cause : null
2025-02-28 13:47:05,278 [WARN] ConditionMgr:1039 - genDependencies : Invalid condition id : UX DEVICE CLASS RTOS Condition cause : null
2025-02-28 13:47:05,289 [WARN] PackLoader:240 - Cannot read IP mode file for STMicroelectronics.X-CUBE-GNSS1.7.0.0
2025-02-28 13:47:05,294 [WARN] PackLoader:240 - Cannot read IP mode file for STMicroelectronics.X-CUBE-GNSS1.7.0.1
2025-02-28 13:47:05,301 [WARN] PackLoader:240 - Cannot read IP mode file for STMicroelectronics.FP-SNS-STBOX1.2.0.0
2025-02-28 13:47:05,311 [WARN] PackLoader:240 - Cannot read IP mode file for STMicroelectronics.X-CUBE-SUBG2.5.0.0
2025-02-28 13:47:05,324 [WARN] PackLoader:240 - Cannot read IP mode file for STMicroelectronics.X-CUBE-AZRTOS-G4.2.0.0
2025-02-28 13:47:05,329 [WARN] PackLoader:240 - Cannot read IP mode file for STMicroelectronics.X-CUBE-ISPU.2.0.0
2025-02-28 13:47:05,335 [ERROR] Engine:466 - C:\Users\leonardo565\.stm32cubemx\thirdparties\pdsc\STMicroelectronics.X-CUBE-IPS.3.1.0.pdsc: PDSC version is not supported
2025-02-28 13:47:05,339 [WARN] PackLoader:240 - Cannot read IP mode file for STMicroelectronics.X-CUBE-ALS.1.0.2
2025-02-28 13:47:05,371 [WARN] PackLoader:240 - Cannot read IP mode file for STMicroelectronics.X-CUBE-MEMS1.10.0.0
2025-02-28 13:47:05,463 [WARN] PackLoader:240 - Cannot read IP mode file for STMicroelectronics.X-CUBE-TOUCHGFX.4.24.0
2025-02-28 13:47:05,469 [WARN] PackLoader:240 - Cannot read IP mode file for STMicroelectronics.X-CUBE-TOUCHGFX.4.24.2
2025-02-28 13:47:05,473 [WARN] PackLoader:240 - Cannot read IP mode file for STMicroelectronics.X-CUBE-TOUCHGFX.4.24.1
2025-02-28 13:47:05,479 [WARN] PackLoader:240 - Cannot read IP mode file for portGmbH.I-Cube-SoM-uGOAL.1.1.0
2025-02-28 13:47:05,483 [WARN] PackLoader:240 - Cannot read IP mode file for STMicroelectronics.X-CUBE-ALS.1.0.1
2025-02-28 13:47:05,504 [WARN] PackLoader:240 - Cannot read IP mode file for STMicroelectronics.X-CUBE-AZRTOS-H7RS.1.0.0
2025-02-28 13:47:05,510 [WARN] PackLoader:240 - Cannot read IP mode file for STMicroelectronics.FP-ATR-ASTRA1.2.0.0
2025-02-28 13:47:05,522 [WARN] PackLoader:240 - Cannot read IP mode file for STMicroelectronics.X-CUBE-TOF1.3.4.2
2025-02-28 13:47:05,548 [WARN] PackLoader:240 - Cannot read IP mode file for STMicroelectronics.X-CUBE-TOF1.3.4.1
2025-02-28 13:47:05,576 [WARN] PackLoader:240 - Cannot read IP mode file for STMicroelectronics.X-CUBE-AZRTOS-H7.3.2.0
2025-02-28 13:47:05,593 [WARN] PackLoader:240 - Cannot read IP mode file for Infineon.AIROC-Wi-Fi-Bluetooth-STM32.1.6.0
2025-02-28 13:47:05,598 [WARN] PackLoader:240 - Cannot read IP mode file for wolfSSL.I-CUBE-wolfSSH.1.4.17
2025-02-28 13:47:05,599 [INFO] ThirdParty:978 - Integrity check success = true
2025-02-28 13:47:05,599 [INFO] IntegrityCheckThread:100 - exiting critical section [integrity check]
2025-02-28 13:47:05,599 [INFO] IntegrityCheckThread:103 - End integrity checks thread
2025-02-28 13:49:30,852 [ERROR] ConfigurationRetriever:142 - IOException on connection: sw-center.st.com
2025-02-28 13:49:30,853 [ERROR] ConfigurationRetriever:142 - IOException on connection: sw-center.st.com
2025-02-28 13:49:30,853 [ERROR] ConfigurationRetriever:142 - IOException on connection: sw-center.st.com
2025-02-28 13:51:32,701 [ERROR] ConfigurationRetriever:142 - IOException on connection: sw-center.st.com
2025-02-28 13:51:32,701 [ERROR] ConfigurationRetriever:142 - IOException on connection: sw-center.st.com
2025-02-28 13:51:32,702 [ERROR] ConfigurationRetriever:142 - IOException on connection: sw-center.st.com
